<?xml version="1.0" encoding="UTF-8"?>
<!-- Generated by org.testng.reporters.JUnitXMLReporter -->
<testsuite ignored="4" hostname="IN-IT7687" failures="0" tests="15" name="Test" time="15.493" errors="0" timestamp="2023-02-20T16:18:38 IST">
  <testcase classname="frameworkTests.UserCreationTest" name="Verify_UserCreationTest_With_Valid_User_Data" time="3.569"/>
  <testcase classname="frameworkTests.GetAccountDetailsTest" name="Verify_GetUserDetailsTest_For_All_Users" time="3.573"/>
  <testcase classname="frameworkTests.GetAccountDetailsTest" name="Verify_GetUserDetailsTest_For_Specific_Users_With_Valid_Account_Name_And_Number" time="1.788"/>
  <testcase classname="frameworkTests.GetAccountDetailsTest" name="Verify_GetUserDetailsTest_For_Specific_Users_With_Empty_Account_Number" time="1.825"/>
  <testcase classname="frameworkTests.DepositAmountTest" name="Verify_DepositTest_Add_Amount_to_InValid_Account" time="1.61"/>
  <testcase classname="frameworkTests.GetAccountDetailsTest" name="Verify_GetUserDetailsTest_For_Specific_Users_With_Valid_Account_Number" time="1.678"/>
  <testcase classname="frameworkTests.DepositAmountTest" name="Verify_DepositTest_Add_Invalid_Amount" time="1.542"/>
  <testcase classname="frameworkTests.DepositAmountTest" name="Verify_DepositTest_Add_Amount_to_Valid_Account" time="1.569"/>
  <testcase classname="frameworkTests.MoneyWithdrawTest" name="Verify_WithdrawTest_Withdraw_From_Invalid_Account" time="1.592"/>
  <testcase classname="frameworkTests.MoneyWithdrawTest" name="Verify_WithdrawTest_Withdraw_Invalid_Amount_From_Valid_Account" time="1.593"/>
  <testcase classname="frameworkTests.TransferMoneyTest" name="Verify_TransferAmountTest_Send_Invalid_Amount" time="1.554"/>
  <testcase classname="frameworkTests.MoneyWithdrawTest" name="Verify_WithdrawTest_Withdraw_Valid_Amount_From_Valid_Account" time="1.561"/>
  <testcase classname="frameworkTests.TransferMoneyTest" name="Verify_TransferAmountTest_Send_Money_To_Valid_Account" time="1.415"/>
  <testcase classname="frameworkTests.TransferMoneyTest" name="Verify_TransferAmountTest_Send_Money_To_Invalid_Account" time="1.454"/>
  <testcase classname="frameworkTests.UserCreationTest" name="Verify_UserCreationTest_With_Multiple_Invalid_Payload_Format" time="1.455"/>
  <testcase classname="frameworkTests.BaseTest" name="@AfterSuite tearDown" time="0.0">
    <ignored/>
  </testcase> <!-- @AfterSuite tearDown -->
  <testcase classname="frameworkTests.BaseTest" name="@AfterSuite tearDown" time="0.0">
    <ignored/>
  </testcase> <!-- @AfterSuite tearDown -->
  <testcase classname="frameworkTests.BaseTest" name="@AfterSuite tearDown" time="0.0">
    <ignored/>
  </testcase> <!-- @AfterSuite tearDown -->
  <testcase classname="frameworkTests.BaseTest" name="@AfterSuite tearDown" time="0.0">
    <ignored/>
  </testcase> <!-- @AfterSuite tearDown -->
</testsuite> <!-- Test -->
