<?xml version="1.0" encoding="UTF-8"?>
<testsuite xmlns:xsi="http://www.w3.org/2001/XMLSchema-instance" xsi:noNamespaceSchemaLocation="https://maven.apache.org/surefire/maven-surefire-plugin/xsd/surefire-test-report-3.0.xsd" version="3.0" name="TestSuite" time="17.578" tests="15" errors="0" skipped="0" failures="0">
  <properties>
[...]
</properties>
  <testcase name="Verify_UserCreationTest_With_Valid_User_Data[&#10;https://dd071f0e-808e-4709-b7f1-f1edd7c8a4e1.mock.pstmn.io/v1/accounts, POST, {Content-Type=application/json}, {}, {}, 201, {&#10;    &quot;account_number&quot;: &quot;SBI123&quot;,&#10;    &quot;account_holder_name&quot;: &quot;varsha&quot;,&#10;    &quot;account_type&quot;: &quot;savings&quot;,&#10;    &quot;account_holder_type&quot;: &quot;adult&quot;,&#10;    &quot;country&quot;: &quot;India&quot;,&#10;    &quot;default_currency&quot;: &quot;Rupees&quot;,&#10;    &quot;gender&quot;: &quot;Female&quot;,&#10;    &quot;dob&quot;: &quot;01-08-03&quot;,&#10;    &quot;address&quot;: &quot;St josp&quot;,&#10;    &quot;contact_number&quot;: &quot;+919644871000&quot;,&#10;    &quot;email_address&quot;: &quot;varsha@gmail.com&quot;,&#10;    &quot;is_active&quot;: true,&#10;    &quot;total_balance&quot;: 0,&#10;    &quot;created_at&quot;: 1334354&#10;}](1)" classname="frameworkTests.UserCreationTest" time="3.57"/>
  <testcase name="Verify_UserCreationTest_With_Multiple_Invalid_Payload_Format[&#10;https://dd071f0e-808e-4709-b7f1-f1edd7c8a4e1.mock.pstmn.io/v1/accounts, POST, {Content-Type=application/json, x-mock-response-code=400}, {}, {}, 400, {&#10;    &quot;account_number&quot;: &quot;&quot;,&#10;    &quot;account_holder_name&quot;: 123,&#10;    &quot;account_type&quot;: &quot;savings&quot;,&#10;    &quot;account_holder_type&quot;: &quot;adult&quot;,&#10;    &quot;country&quot;: &quot;India&quot;,&#10;    &quot;default_currency&quot;: &quot;Rupees&quot;,&#10;    &quot;gender&quot;: &quot;Male&quot;,&#10;    &quot;dob&quot;: &quot;01-08-03&quot;,&#10;    &quot;address&quot;: &quot;jbp, India&quot;,&#10;    &quot;contact_number&quot;: &quot;+919644321244&quot;,&#10;    &quot;email_address&quot;: &quot;aditya@gmail.com&quot;,&#10;    &quot;is_active&quot;: true,&#10;    &quot;total_balance&quot;: -123,&#10;    &quot;created_at&quot;: &quot;&quot;&#10;}](1)" classname="frameworkTests.UserCreationTest" time="1.455"/>
  <testcase name="Verify_GetUserDetailsTest_For_All_Users[&#10;https://dd071f0e-808e-4709-b7f1-f1edd7c8a4e1.mock.pstmn.io/v1/accounts, GET, {Content-Type=application/json}, {}, {}, 200, NA](1)" classname="frameworkTests.GetAccountDetailsTest" time="3.571"/>
  <testcase name="Verify_GetUserDetailsTest_For_Specific_Users_With_Valid_Account_Name_And_Number[&#10;https://dd071f0e-808e-4709-b7f1-f1edd7c8a4e1.mock.pstmn.io/v1/accounts, GET, {Accept=application/json}, {account_number=&quot;SBI987&quot;, account_holder_name=&quot;Jonathan Reddy&quot;}, {}, 200, NA](1)" classname="frameworkTests.GetAccountDetailsTest" time="1.789"/>
  <testcase name="Verify_GetUserDetailsTest_For_Specific_Users_With_Empty_Account_Number[&#10;https://dd071f0e-808e-4709-b7f1-f1edd7c8a4e1.mock.pstmn.io/v1/accounts, GET, {Accept=application/json}, {account_number=&quot;&quot;}, {}, 400, NA](1)" classname="frameworkTests.GetAccountDetailsTest" time="0.002"/>
  <testcase name="Verify_GetUserDetailsTest_For_Specific_Users_With_Valid_Account_Number[&#10;https://dd071f0e-808e-4709-b7f1-f1edd7c8a4e1.mock.pstmn.io/v1/accounts, GET, {Accept=application/json}, {account_number=&quot;SBI191&quot;}, {}, 200, NA](1)" classname="frameworkTests.GetAccountDetailsTest" time="1.639"/>
  <testcase name="Verify_DepositTest_Add_Amount_to_InValid_Account[&#10;https://dd071f0e-808e-4709-b7f1-f1edd7c8a4e1.mock.pstmn.io/v1/accounts/{invalid_account_id}/deposit, POST, {Content-Type=application/json}, {}, {invalid_account_id=SBI987}, 404, {&#10;    &quot;account_number&quot;: &quot;SBI987&quot;,&#10;    &quot;account_holder_name&quot;: &quot;test user&quot;,&#10;    &quot;amount_to_deposit&quot;: 5000,&#10;    &quot;mode_of_transfer&quot;: &quot;NEFT&quot;&#10;}](1)" classname="frameworkTests.DepositAmountTest" time="1.614">
    <system-out><![CDATA[{
    "status": "Failure",
    "errors": [
        {
            "message": "Account details not found"
        }
    ]
}
]]></system-out>
  </testcase>
  <testcase name="Verify_DepositTest_Add_Invalid_Amount[&#10;https://dd071f0e-808e-4709-b7f1-f1edd7c8a4e1.mock.pstmn.io/v1/accounts/{invalid_account_id}/deposit, POST, {Content-Type=application/json}, {}, {invalid_account_id=SBI990}, 400, {&#10;    &quot;account_number&quot;: &quot;SBI990&quot;,&#10;    &quot;account_holder_name&quot;: &quot;test user&quot;,&#10;    &quot;amount_to_deposit&quot;: -500,&#10;    &quot;mode_of_transfer&quot;: &quot;NEFT&quot;&#10;}](1)" classname="frameworkTests.DepositAmountTest" time="1.545">
    <system-out><![CDATA[{
    "status": "Failure",
    "errors": [
        {
            "message": "Invalid amount to be credited."
        }
    ]
}
]]></system-out>
  </testcase>
  <testcase name="Verify_DepositTest_Add_Amount_to_Valid_Account[&#10;https://dd071f0e-808e-4709-b7f1-f1edd7c8a4e1.mock.pstmn.io/v1/accounts/{valid_account_id}/deposit, POST, {Content-Type=application/json, Accept=application/json}, {}, {valid_account_id=SBI191}, 201, {&#10;    &quot;account_number&quot;: &quot;SBI191&quot;,&#10;    &quot;account_holder_name&quot;: &quot;varsha tiwari&quot;,&#10;    &quot;amount_to_deposit&quot;: 5000,&#10;    &quot;mode_of_transfer&quot;: &quot;net banking&quot;&#10;}](1)" classname="frameworkTests.DepositAmountTest" time="1.558">
    <system-out><![CDATA[{
    "status": "Success",
    "message": "Account SBI191 credited by 5000 at time:2023-02-20T10:48:33.073Z"
}
]]></system-out>
  </testcase>
  <testcase name="Verify_WithdrawTest_Withdraw_From_Invalid_Account[&#10;https://dd071f0e-808e-4709-b7f1-f1edd7c8a4e1.mock.pstmn.io/v1/accounts/{invalid_account_id}/withdraw, POST, {Content-Type=application/json}, {}, {invalid_account_id=SBI987}, 422, {&#10;    &quot;account_number&quot;: &quot;SBI987&quot;,&#10;    &quot;account_holder_name&quot;: &quot;Ross Paul&quot;,&#10;     &quot;amount_to_withdraw&quot;: 5000&#10;}](1)" classname="frameworkTests.MoneyWithdrawTest" time="1.588">
    <system-out><![CDATA[{
    "status": "Failure",
    "errors": [
        {
            "message": "Account details not found."
        }
    ]
}
]]></system-out>
  </testcase>
  <testcase name="Verify_WithdrawTest_Withdraw_Invalid_Amount_From_Valid_Account[&#10;https://dd071f0e-808e-4709-b7f1-f1edd7c8a4e1.mock.pstmn.io/v1/accounts/{valid_account_id}/withdraw, POST, {Content-Type=application/json}, {}, {valid_account_id=SBI123}, 422, {&#10;    &quot;account_number&quot;: &quot;SBI123&quot;,&#10;    &quot;account_holder_name&quot;: &quot;paul hawkins&quot;,&#10;    &quot;amount_to_withdraw&quot;: 30000&#10;}](1)" classname="frameworkTests.MoneyWithdrawTest" time="1.594">
    <system-out><![CDATA[{
    "status": "Failure",
    "errors": [
        {
            "message": "Insufficient Account Balance."
        }
    ]
}
]]></system-out>
  </testcase>
  <testcase name="Verify_WithdrawTest_Withdraw_Valid_Amount_From_Valid_Account[&#10;https://dd071f0e-808e-4709-b7f1-f1edd7c8a4e1.mock.pstmn.io/v1/accounts/{valid_account_id}/withdraw, POST, {Content-Type=application/json}, {}, {valid_account_id=SBI191}, 200, {&#10;    &quot;account_number&quot;: &quot;SBI191&quot;,&#10;    &quot;account_holder_name&quot;: &quot;Jonathan Reddy&quot;,&#10;   &quot;amount_to_withdraw&quot;: 5000&#10;}](1)" classname="frameworkTests.MoneyWithdrawTest" time="1.558"/>
  <testcase name="Verify_TransferAmountTest_Send_Invalid_Amount[&#10;https://dd071f0e-808e-4709-b7f1-f1edd7c8a4e1.mock.pstmn.io/v1/accounts/{transfer_account_id}/transfer/{receiver_account_id}, POST, {Content-Type=application/json}, {}, {transfer_account_id=SBI123, receiver_account_id=SBI191}, 422, {&#10;    &quot;account_number&quot;: &quot;SBI123&quot;,&#10;    &quot;account_holder_name&quot;: &quot;paul hawkins&quot;,&#10;    &quot;transfer_account_number&quot;: &quot;SBI191&quot;,&#10;    &quot;transfer_account_holder_name&quot;: &quot;Jonathan Reddy&quot;,&#10;    &quot;amount_to_transfer&quot;: 30000,&#10;    &quot;mode_of_transfer&quot;: &quot;NEFT&quot;&#10;}](1)" classname="frameworkTests.TransferMoneyTest" time="1.554">
    <system-out><![CDATA[{
    "status": "Failure",
    "errors": [
        {
            "message": "Insufficient balance."
        }
    ]
}
{
    "status": "Success",
    "message": "Account SBI191 withdrawn by 5000 at time:2023-02-20T10:48:36.319Z"
}
]]></system-out>
  </testcase>
  <testcase name="Verify_TransferAmountTest_Send_Money_To_Valid_Account[&#10;https://dd071f0e-808e-4709-b7f1-f1edd7c8a4e1.mock.pstmn.io/v1/accounts/{transfer_account_id}/transfer/{receiver_account_id}, POST, {Content-Type=application/json}, {}, {transfer_account_id=SBI123, receiver_account_id=SBI990}, 200, {&#10;    &quot;account_number&quot;: &quot;SBI123&quot;,&#10;    &quot;account_holder_name&quot;: &quot;paul hawkins&quot;,&#10;    &quot;transfer_account_number&quot;: &quot;SBI990&quot;,&#10;    &quot;transfer_account_holder_name&quot;: &quot;John ankins&quot;,&#10;    &quot;amount_to_transfer&quot;: 5000,&#10;    &quot;mode_of_transfer&quot;: &quot;net banking&quot;&#10;}](1)" classname="frameworkTests.TransferMoneyTest" time="1.417">
    <system-out><![CDATA[{
    "status": "Success",
    "message": "Account  is debited for 5000  at time:2023-02-20T10:48:37.767Z"
}
]]></system-out>
  </testcase>
  <testcase name="Verify_TransferAmountTest_Send_Money_To_Invalid_Account[&#10;https://dd071f0e-808e-4709-b7f1-f1edd7c8a4e1.mock.pstmn.io/v1/accounts/{transfer_account_id}/transfer/{receiver_account_id}, POST, {Content-Type=application/json}, {}, {transfer_account_id=SBI123, receiver_account_id=SBI987}, 422, {&#10;    &quot;account_number&quot;: &quot;SBI123&quot;,&#10;    &quot;account_holder_name&quot;: &quot;paul hawkins&quot;,&#10;    &quot;transfer_account_number&quot;: &quot;SBI987&quot;,&#10;    &quot;transfer_account_holder_name&quot;: &quot;Ross Paul&quot;,&#10;    &quot;amount_to_transfer&quot;: 5000,&#10;    &quot;mode_of_transfer&quot;: &quot;net banking&quot;&#10;}](1)" classname="frameworkTests.TransferMoneyTest" time="0.008">
    <system-out><![CDATA[{
    "status": "Failure",
    "errors": [
        {
            "message": "Transfer account details are not correct. Please validate."
        }
    ]
}
]]></system-out>
  </testcase>
</testsuite>