<?xml version="1.0" encoding="UTF-8"?>
<testng-results ignored="4" total="19" passed="15" failed="0" skipped="0">
  <reporter-output>
  </reporter-output>
  <suite started-at="2023-02-20T16:18:23 IST" name="Suite" finished-at="2023-02-20T16:18:38 IST" duration-ms="15493">
    <groups>
    </groups>
    <test started-at="2023-02-20T16:18:23 IST" name="Test" finished-at="2023-02-20T16:18:38 IST" duration-ms="15493">
      <class name="frameworkTests.UserCreationTest">
        <test-method signature="Verify_UserCreationTest_With_Valid_User_Data(java.lang.String, java.lang.String, java.util.Map, java.util.Map, java.util.Map, int, java.lang.String)[pri:0, instance:frameworkTests.UserCreationTest@1418e726]" started-at="2023-02-20T16:18:24 IST" name="Verify_UserCreationTest_With_Valid_User_Data" data-provider="getAPiEndpointData" finished-at="2023-02-20T16:18:27 IST" duration-ms="3569" status="PASS">
          <params>
            <param index="0">
              <value>
                <![CDATA[
https://dd071f0e-808e-4709-b7f1-f1edd7c8a4e1.mock.pstmn.io/v1/accounts]]>
              </value>
            </param>
            <param index="1">
              <value>
                <![CDATA[POST]]>
              </value>
            </param>
            <param index="2">
              <value>
                <![CDATA[{Content-Type=application/json}]]>
              </value>
            </param>
            <param index="3">
              <value>
                <![CDATA[{}]]>
              </value>
            </param>
            <param index="4">
              <value>
                <![CDATA[{}]]>
              </value>
            </param>
            <param index="5">
              <value>
                <![CDATA[201]]>
              </value>
            </param>
            <param index="6">
              <value>
                <![CDATA[{
    "account_number": "SBI123",
    "account_holder_name": "varsha",
    "account_type": "savings",
    "account_holder_type": "adult",
    "country": "India",
    "default_currency": "Rupees",
    "gender": "Female",
    "dob": "01-08-03",
    "address": "St josp",
    "contact_number": "+919644871000",
    "email_address": "varsha@gmail.com",
    "is_active": true,
    "total_balance": 0,
    "created_at": 1334354
}]]>
              </value>
            </param>
          </params>
          <reporter-output>
          </reporter-output>
        </test-method> <!-- Verify_UserCreationTest_With_Valid_User_Data -->
        <test-method signature="Verify_UserCreationTest_With_Multiple_Invalid_Payload_Format(java.lang.String, java.lang.String, java.util.Map, java.util.Map, java.util.Map, int, java.lang.String)[pri:0, instance:frameworkTests.UserCreationTest@1418e726]" started-at="2023-02-20T16:18:37 IST" name="Verify_UserCreationTest_With_Multiple_Invalid_Payload_Format" data-provider="getAPiEndpointData" finished-at="2023-02-20T16:18:38 IST" depends-on-methods="frameworkTests.UserCreationTest.Verify_UserCreationTest_With_Valid_User_Data" duration-ms="1455" status="PASS">
          <params>
            <param index="0">
              <value>
                <![CDATA[
https://dd071f0e-808e-4709-b7f1-f1edd7c8a4e1.mock.pstmn.io/v1/accounts]]>
              </value>
            </param>
            <param index="1">
              <value>
                <![CDATA[POST]]>
              </value>
            </param>
            <param index="2">
              <value>
                <![CDATA[{Content-Type=application/json, x-mock-response-code=400}]]>
              </value>
            </param>
            <param index="3">
              <value>
                <![CDATA[{}]]>
              </value>
            </param>
            <param index="4">
              <value>
                <![CDATA[{}]]>
              </value>
            </param>
            <param index="5">
              <value>
                <![CDATA[400]]>
              </value>
            </param>
            <param index="6">
              <value>
                <![CDATA[{
    "account_number": "",
    "account_holder_name": 123,
    "account_type": "savings",
    "account_holder_type": "adult",
    "country": "India",
    "default_currency": "Rupees",
    "gender": "Male",
    "dob": "01-08-03",
    "address": "jbp, India",
    "contact_number": "+919644321244",
    "email_address": "aditya@gmail.com",
    "is_active": true,
    "total_balance": -123,
    "created_at": ""
}]]>
              </value>
            </param>
          </params>
          <reporter-output>
          </reporter-output>
        </test-method> <!-- Verify_UserCreationTest_With_Multiple_Invalid_Payload_Format -->
        <test-method is-config="true" signature="tearDown()[pri:0, instance:frameworkTests.UserCreationTest@1418e726]" started-at="2023-02-20T16:18:38 IST" name="tearDown" finished-at="2023-02-20T16:18:38 IST" duration-ms="1" status="PASS">
          <reporter-output>
          </reporter-output>
        </test-method> <!-- tearDown -->
      </class> <!-- frameworkTests.UserCreationTest -->
      <class name="frameworkTests.GetAccountDetailsTest">
        <test-method signature="Verify_GetUserDetailsTest_For_All_Users(java.lang.String, java.lang.String, java.util.Map, java.util.Map, java.util.Map, int, java.lang.String)[pri:0, instance:frameworkTests.GetAccountDetailsTest@2d5f014f]" started-at="2023-02-20T16:18:24 IST" name="Verify_GetUserDetailsTest_For_All_Users" data-provider="getAPiEndpointData" finished-at="2023-02-20T16:18:27 IST" duration-ms="3573" status="PASS">
          <params>
            <param index="0">
              <value>
                <![CDATA[
https://dd071f0e-808e-4709-b7f1-f1edd7c8a4e1.mock.pstmn.io/v1/accounts]]>
              </value>
            </param>
            <param index="1">
              <value>
                <![CDATA[GET]]>
              </value>
            </param>
            <param index="2">
              <value>
                <![CDATA[{Content-Type=application/json}]]>
              </value>
            </param>
            <param index="3">
              <value>
                <![CDATA[{}]]>
              </value>
            </param>
            <param index="4">
              <value>
                <![CDATA[{}]]>
              </value>
            </param>
            <param index="5">
              <value>
                <![CDATA[200]]>
              </value>
            </param>
            <param index="6">
              <value>
                <![CDATA[NA]]>
              </value>
            </param>
          </params>
          <reporter-output>
          </reporter-output>
        </test-method> <!-- Verify_GetUserDetailsTest_For_All_Users -->
        <test-method signature="Verify_GetUserDetailsTest_For_Specific_Users_With_Valid_Account_Name_And_Number(java.lang.String, java.lang.String, java.util.Map, java.util.Map, java.util.Map, int, java.lang.String)[pri:0, instance:frameworkTests.GetAccountDetailsTest@2d5f014f]" started-at="2023-02-20T16:18:27 IST" name="Verify_GetUserDetailsTest_For_Specific_Users_With_Valid_Account_Name_And_Number" data-provider="getAPiEndpointData" finished-at="2023-02-20T16:18:29 IST" duration-ms="1788" status="PASS">
          <params>
            <param index="0">
              <value>
                <![CDATA[
https://dd071f0e-808e-4709-b7f1-f1edd7c8a4e1.mock.pstmn.io/v1/accounts]]>
              </value>
            </param>
            <param index="1">
              <value>
                <![CDATA[GET]]>
              </value>
            </param>
            <param index="2">
              <value>
                <![CDATA[{Accept=application/json}]]>
              </value>
            </param>
            <param index="3">
              <value>
                <![CDATA[{account_number="SBI987", account_holder_name="Jonathan Reddy"}]]>
              </value>
            </param>
            <param index="4">
              <value>
                <![CDATA[{}]]>
              </value>
            </param>
            <param index="5">
              <value>
                <![CDATA[200]]>
              </value>
            </param>
            <param index="6">
              <value>
                <![CDATA[NA]]>
              </value>
            </param>
          </params>
          <reporter-output>
          </reporter-output>
        </test-method> <!-- Verify_GetUserDetailsTest_For_Specific_Users_With_Valid_Account_Name_And_Number -->
        <test-method signature="Verify_GetUserDetailsTest_For_Specific_Users_With_Empty_Account_Number(java.lang.String, java.lang.String, java.util.Map, java.util.Map, java.util.Map, int, java.lang.String)[pri:0, instance:frameworkTests.GetAccountDetailsTest@2d5f014f]" started-at="2023-02-20T16:18:27 IST" name="Verify_GetUserDetailsTest_For_Specific_Users_With_Empty_Account_Number" data-provider="getAPiEndpointData" finished-at="2023-02-20T16:18:29 IST" duration-ms="1825" status="PASS">
          <params>
            <param index="0">
              <value>
                <![CDATA[
https://dd071f0e-808e-4709-b7f1-f1edd7c8a4e1.mock.pstmn.io/v1/accounts]]>
              </value>
            </param>
            <param index="1">
              <value>
                <![CDATA[GET]]>
              </value>
            </param>
            <param index="2">
              <value>
                <![CDATA[{Accept=application/json}]]>
              </value>
            </param>
            <param index="3">
              <value>
                <![CDATA[{account_number=""}]]>
              </value>
            </param>
            <param index="4">
              <value>
                <![CDATA[{}]]>
              </value>
            </param>
            <param index="5">
              <value>
                <![CDATA[400]]>
              </value>
            </param>
            <param index="6">
              <value>
                <![CDATA[NA]]>
              </value>
            </param>
          </params>
          <reporter-output>
          </reporter-output>
        </test-method> <!-- Verify_GetUserDetailsTest_For_Specific_Users_With_Empty_Account_Number -->
        <test-method signature="Verify_GetUserDetailsTest_For_Specific_Users_With_Valid_Account_Number(java.lang.String, java.lang.String, java.util.Map, java.util.Map, java.util.Map, int, java.lang.String)[pri:0, instance:frameworkTests.GetAccountDetailsTest@2d5f014f]" started-at="2023-02-20T16:18:29 IST" name="Verify_GetUserDetailsTest_For_Specific_Users_With_Valid_Account_Number" data-provider="getAPiEndpointData" finished-at="2023-02-20T16:18:31 IST" duration-ms="1678" status="PASS">
          <params>
            <param index="0">
              <value>
                <![CDATA[
https://dd071f0e-808e-4709-b7f1-f1edd7c8a4e1.mock.pstmn.io/v1/accounts]]>
              </value>
            </param>
            <param index="1">
              <value>
                <![CDATA[GET]]>
              </value>
            </param>
            <param index="2">
              <value>
                <![CDATA[{Accept=application/json}]]>
              </value>
            </param>
            <param index="3">
              <value>
                <![CDATA[{account_number="SBI191"}]]>
              </value>
            </param>
            <param index="4">
              <value>
                <![CDATA[{}]]>
              </value>
            </param>
            <param index="5">
              <value>
                <![CDATA[200]]>
              </value>
            </param>
            <param index="6">
              <value>
                <![CDATA[NA]]>
              </value>
            </param>
          </params>
          <reporter-output>
          </reporter-output>
        </test-method> <!-- Verify_GetUserDetailsTest_For_Specific_Users_With_Valid_Account_Number -->
      </class> <!-- frameworkTests.GetAccountDetailsTest -->
      <class name="frameworkTests.DepositAmountTest">
        <test-method signature="Verify_DepositTest_Add_Amount_to_InValid_Account(java.lang.String, java.lang.String, java.util.Map, java.util.Map, java.util.Map, int, java.lang.String)[pri:0, instance:frameworkTests.DepositAmountTest@1a66c7e8]" started-at="2023-02-20T16:18:29 IST" name="Verify_DepositTest_Add_Amount_to_InValid_Account" data-provider="getAPiEndpointData" finished-at="2023-02-20T16:18:31 IST" duration-ms="1610" status="PASS">
          <params>
            <param index="0">
              <value>
                <![CDATA[
https://dd071f0e-808e-4709-b7f1-f1edd7c8a4e1.mock.pstmn.io/v1/accounts/{invalid_account_id}/deposit]]>
              </value>
            </param>
            <param index="1">
              <value>
                <![CDATA[POST]]>
              </value>
            </param>
            <param index="2">
              <value>
                <![CDATA[{Content-Type=application/json}]]>
              </value>
            </param>
            <param index="3">
              <value>
                <![CDATA[{}]]>
              </value>
            </param>
            <param index="4">
              <value>
                <![CDATA[{invalid_account_id=SBI987}]]>
              </value>
            </param>
            <param index="5">
              <value>
                <![CDATA[404]]>
              </value>
            </param>
            <param index="6">
              <value>
                <![CDATA[{
    "account_number": "SBI987",
    "account_holder_name": "test user",
    "amount_to_deposit": 5000,
    "mode_of_transfer": "NEFT"
}]]>
              </value>
            </param>
          </params>
          <reporter-output>
          </reporter-output>
        </test-method> <!-- Verify_DepositTest_Add_Amount_to_InValid_Account -->
        <test-method signature="Verify_DepositTest_Add_Amount_to_Valid_Account(java.lang.String, java.lang.String, java.util.Map, java.util.Map, java.util.Map, int, java.lang.String)[pri:0, instance:frameworkTests.DepositAmountTest@1a66c7e8]" started-at="2023-02-20T16:18:31 IST" name="Verify_DepositTest_Add_Amount_to_Valid_Account" data-provider="getAPiEndpointData" finished-at="2023-02-20T16:18:32 IST" duration-ms="1569" status="PASS">
          <params>
            <param index="0">
              <value>
                <![CDATA[
https://dd071f0e-808e-4709-b7f1-f1edd7c8a4e1.mock.pstmn.io/v1/accounts/{valid_account_id}/deposit]]>
              </value>
            </param>
            <param index="1">
              <value>
                <![CDATA[POST]]>
              </value>
            </param>
            <param index="2">
              <value>
                <![CDATA[{Content-Type=application/json, Accept=application/json}]]>
              </value>
            </param>
            <param index="3">
              <value>
                <![CDATA[{}]]>
              </value>
            </param>
            <param index="4">
              <value>
                <![CDATA[{valid_account_id=SBI191}]]>
              </value>
            </param>
            <param index="5">
              <value>
                <![CDATA[201]]>
              </value>
            </param>
            <param index="6">
              <value>
                <![CDATA[{
    "account_number": "SBI191",
    "account_holder_name": "varsha tiwari",
    "amount_to_deposit": 5000,
    "mode_of_transfer": "net banking"
}]]>
              </value>
            </param>
          </params>
          <reporter-output>
          </reporter-output>
        </test-method> <!-- Verify_DepositTest_Add_Amount_to_Valid_Account -->
        <test-method signature="Verify_DepositTest_Add_Invalid_Amount(java.lang.String, java.lang.String, java.util.Map, java.util.Map, java.util.Map, int, java.lang.String)[pri:0, instance:frameworkTests.DepositAmountTest@1a66c7e8]" started-at="2023-02-20T16:18:31 IST" name="Verify_DepositTest_Add_Invalid_Amount" data-provider="getAPiEndpointData" finished-at="2023-02-20T16:18:32 IST" duration-ms="1542" status="PASS">
          <params>
            <param index="0">
              <value>
                <![CDATA[
https://dd071f0e-808e-4709-b7f1-f1edd7c8a4e1.mock.pstmn.io/v1/accounts/{invalid_account_id}/deposit]]>
              </value>
            </param>
            <param index="1">
              <value>
                <![CDATA[POST]]>
              </value>
            </param>
            <param index="2">
              <value>
                <![CDATA[{Content-Type=application/json}]]>
              </value>
            </param>
            <param index="3">
              <value>
                <![CDATA[{}]]>
              </value>
            </param>
            <param index="4">
              <value>
                <![CDATA[{invalid_account_id=SBI990}]]>
              </value>
            </param>
            <param index="5">
              <value>
                <![CDATA[400]]>
              </value>
            </param>
            <param index="6">
              <value>
                <![CDATA[{
    "account_number": "SBI990",
    "account_holder_name": "test user",
    "amount_to_deposit": -500,
    "mode_of_transfer": "NEFT"
}]]>
              </value>
            </param>
          </params>
          <reporter-output>
          </reporter-output>
        </test-method> <!-- Verify_DepositTest_Add_Invalid_Amount -->
      </class> <!-- frameworkTests.DepositAmountTest -->
      <class name="frameworkTests.MoneyWithdrawTest">
        <test-method signature="Verify_WithdrawTest_Withdraw_From_Invalid_Account(java.lang.String, java.lang.String, java.util.Map, java.util.Map, java.util.Map, int, java.lang.String)[pri:0, instance:frameworkTests.MoneyWithdrawTest@10b73548]" started-at="2023-02-20T16:18:32 IST" name="Verify_WithdrawTest_Withdraw_From_Invalid_Account" data-provider="getAPiEndpointData" finished-at="2023-02-20T16:18:34 IST" duration-ms="1592" status="PASS">
          <params>
            <param index="0">
              <value>
                <![CDATA[
https://dd071f0e-808e-4709-b7f1-f1edd7c8a4e1.mock.pstmn.io/v1/accounts/{invalid_account_id}/withdraw]]>
              </value>
            </param>
            <param index="1">
              <value>
                <![CDATA[POST]]>
              </value>
            </param>
            <param index="2">
              <value>
                <![CDATA[{Content-Type=application/json}]]>
              </value>
            </param>
            <param index="3">
              <value>
                <![CDATA[{}]]>
              </value>
            </param>
            <param index="4">
              <value>
                <![CDATA[{invalid_account_id=SBI987}]]>
              </value>
            </param>
            <param index="5">
              <value>
                <![CDATA[422]]>
              </value>
            </param>
            <param index="6">
              <value>
                <![CDATA[{
    "account_number": "SBI987",
    "account_holder_name": "Ross Paul",
     "amount_to_withdraw": 5000
}]]>
              </value>
            </param>
          </params>
          <reporter-output>
          </reporter-output>
        </test-method> <!-- Verify_WithdrawTest_Withdraw_From_Invalid_Account -->
        <test-method signature="Verify_WithdrawTest_Withdraw_Invalid_Amount_From_Valid_Account(java.lang.String, java.lang.String, java.util.Map, java.util.Map, java.util.Map, int, java.lang.String)[pri:0, instance:frameworkTests.MoneyWithdrawTest@10b73548]" started-at="2023-02-20T16:18:32 IST" name="Verify_WithdrawTest_Withdraw_Invalid_Amount_From_Valid_Account" data-provider="getAPiEndpointData" finished-at="2023-02-20T16:18:34 IST" duration-ms="1593" status="PASS">
          <params>
            <param index="0">
              <value>
                <![CDATA[
https://dd071f0e-808e-4709-b7f1-f1edd7c8a4e1.mock.pstmn.io/v1/accounts/{valid_account_id}/withdraw]]>
              </value>
            </param>
            <param index="1">
              <value>
                <![CDATA[POST]]>
              </value>
            </param>
            <param index="2">
              <value>
                <![CDATA[{Content-Type=application/json}]]>
              </value>
            </param>
            <param index="3">
              <value>
                <![CDATA[{}]]>
              </value>
            </param>
            <param index="4">
              <value>
                <![CDATA[{valid_account_id=SBI123}]]>
              </value>
            </param>
            <param index="5">
              <value>
                <![CDATA[422]]>
              </value>
            </param>
            <param index="6">
              <value>
                <![CDATA[{
    "account_number": "SBI123",
    "account_holder_name": "paul hawkins",
    "amount_to_withdraw": 30000
}]]>
              </value>
            </param>
          </params>
          <reporter-output>
          </reporter-output>
        </test-method> <!-- Verify_WithdrawTest_Withdraw_Invalid_Amount_From_Valid_Account -->
        <test-method signature="Verify_WithdrawTest_Withdraw_Valid_Amount_From_Valid_Account(java.lang.String, java.lang.String, java.util.Map, java.util.Map, java.util.Map, int, java.lang.String)[pri:0, instance:frameworkTests.MoneyWithdrawTest@10b73548]" started-at="2023-02-20T16:18:34 IST" name="Verify_WithdrawTest_Withdraw_Valid_Amount_From_Valid_Account" data-provider="getAPiEndpointData" finished-at="2023-02-20T16:18:36 IST" duration-ms="1561" status="PASS">
          <params>
            <param index="0">
              <value>
                <![CDATA[
https://dd071f0e-808e-4709-b7f1-f1edd7c8a4e1.mock.pstmn.io/v1/accounts/{valid_account_id}/withdraw]]>
              </value>
            </param>
            <param index="1">
              <value>
                <![CDATA[POST]]>
              </value>
            </param>
            <param index="2">
              <value>
                <![CDATA[{Content-Type=application/json}]]>
              </value>
            </param>
            <param index="3">
              <value>
                <![CDATA[{}]]>
              </value>
            </param>
            <param index="4">
              <value>
                <![CDATA[{valid_account_id=SBI191}]]>
              </value>
            </param>
            <param index="5">
              <value>
                <![CDATA[200]]>
              </value>
            </param>
            <param index="6">
              <value>
                <![CDATA[{
    "account_number": "SBI191",
    "account_holder_name": "Jonathan Reddy",
   "amount_to_withdraw": 5000
}]]>
              </value>
            </param>
          </params>
          <reporter-output>
          </reporter-output>
        </test-method> <!-- Verify_WithdrawTest_Withdraw_Valid_Amount_From_Valid_Account -->
      </class> <!-- frameworkTests.MoneyWithdrawTest -->
      <class name="frameworkTests.TransferMoneyTest">
        <test-method signature="Verify_TransferAmountTest_Send_Invalid_Amount(java.lang.String, java.lang.String, java.util.Map, java.util.Map, java.util.Map, int, java.lang.String)[pri:0, instance:frameworkTests.TransferMoneyTest@43c5c1af]" started-at="2023-02-20T16:18:34 IST" name="Verify_TransferAmountTest_Send_Invalid_Amount" data-provider="getAPiEndpointData" finished-at="2023-02-20T16:18:36 IST" duration-ms="1554" status="PASS">
          <params>
            <param index="0">
              <value>
                <![CDATA[
https://dd071f0e-808e-4709-b7f1-f1edd7c8a4e1.mock.pstmn.io/v1/accounts/{transfer_account_id}/transfer/{receiver_account_id}]]>
              </value>
            </param>
            <param index="1">
              <value>
                <![CDATA[POST]]>
              </value>
            </param>
            <param index="2">
              <value>
                <![CDATA[{Content-Type=application/json}]]>
              </value>
            </param>
            <param index="3">
              <value>
                <![CDATA[{}]]>
              </value>
            </param>
            <param index="4">
              <value>
                <![CDATA[{transfer_account_id=SBI123, receiver_account_id=SBI191}]]>
              </value>
            </param>
            <param index="5">
              <value>
                <![CDATA[422]]>
              </value>
            </param>
            <param index="6">
              <value>
                <![CDATA[{
    "account_number": "SBI123",
    "account_holder_name": "paul hawkins",
    "transfer_account_number": "SBI191",
    "transfer_account_holder_name": "Jonathan Reddy",
    "amount_to_transfer": 30000,
    "mode_of_transfer": "NEFT"
}]]>
              </value>
            </param>
          </params>
          <reporter-output>
          </reporter-output>
        </test-method> <!-- Verify_TransferAmountTest_Send_Invalid_Amount -->
        <test-method signature="Verify_TransferAmountTest_Send_Money_To_Valid_Account(java.lang.String, java.lang.String, java.util.Map, java.util.Map, java.util.Map, int, java.lang.String)[pri:0, instance:frameworkTests.TransferMoneyTest@43c5c1af]" started-at="2023-02-20T16:18:36 IST" name="Verify_TransferAmountTest_Send_Money_To_Valid_Account" data-provider="getAPiEndpointData" finished-at="2023-02-20T16:18:37 IST" duration-ms="1415" status="PASS">
          <params>
            <param index="0">
              <value>
                <![CDATA[
https://dd071f0e-808e-4709-b7f1-f1edd7c8a4e1.mock.pstmn.io/v1/accounts/{transfer_account_id}/transfer/{receiver_account_id}]]>
              </value>
            </param>
            <param index="1">
              <value>
                <![CDATA[POST]]>
              </value>
            </param>
            <param index="2">
              <value>
                <![CDATA[{Content-Type=application/json}]]>
              </value>
            </param>
            <param index="3">
              <value>
                <![CDATA[{}]]>
              </value>
            </param>
            <param index="4">
              <value>
                <![CDATA[{transfer_account_id=SBI123, receiver_account_id=SBI990}]]>
              </value>
            </param>
            <param index="5">
              <value>
                <![CDATA[200]]>
              </value>
            </param>
            <param index="6">
              <value>
                <![CDATA[{
    "account_number": "SBI123",
    "account_holder_name": "paul hawkins",
    "transfer_account_number": "SBI990",
    "transfer_account_holder_name": "John ankins",
    "amount_to_transfer": 5000,
    "mode_of_transfer": "net banking"
}]]>
              </value>
            </param>
          </params>
          <reporter-output>
          </reporter-output>
        </test-method> <!-- Verify_TransferAmountTest_Send_Money_To_Valid_Account -->
        <test-method signature="Verify_TransferAmountTest_Send_Money_To_Invalid_Account(java.lang.String, java.lang.String, java.util.Map, java.util.Map, java.util.Map, int, java.lang.String)[pri:0, instance:frameworkTests.TransferMoneyTest@43c5c1af]" started-at="2023-02-20T16:18:36 IST" name="Verify_TransferAmountTest_Send_Money_To_Invalid_Account" data-provider="getAPiEndpointData" finished-at="2023-02-20T16:18:37 IST" duration-ms="1454" status="PASS">
          <params>
            <param index="0">
              <value>
                <![CDATA[
https://dd071f0e-808e-4709-b7f1-f1edd7c8a4e1.mock.pstmn.io/v1/accounts/{transfer_account_id}/transfer/{receiver_account_id}]]>
              </value>
            </param>
            <param index="1">
              <value>
                <![CDATA[POST]]>
              </value>
            </param>
            <param index="2">
              <value>
                <![CDATA[{Content-Type=application/json}]]>
              </value>
            </param>
            <param index="3">
              <value>
                <![CDATA[{}]]>
              </value>
            </param>
            <param index="4">
              <value>
                <![CDATA[{transfer_account_id=SBI123, receiver_account_id=SBI987}]]>
              </value>
            </param>
            <param index="5">
              <value>
                <![CDATA[422]]>
              </value>
            </param>
            <param index="6">
              <value>
                <![CDATA[{
    "account_number": "SBI123",
    "account_holder_name": "paul hawkins",
    "transfer_account_number": "SBI987",
    "transfer_account_holder_name": "Ross Paul",
    "amount_to_transfer": 5000,
    "mode_of_transfer": "net banking"
}]]>
              </value>
            </param>
          </params>
          <reporter-output>
          </reporter-output>
        </test-method> <!-- Verify_TransferAmountTest_Send_Money_To_Invalid_Account -->
      </class> <!-- frameworkTests.TransferMoneyTest -->
    </test> <!-- Test -->
  </suite> <!-- Suite -->
</testng-results>
